TN:
SF:src/app.js
FN:65,createConflictError
FN:77,normalizeVmName
FN:90,assertVmNameIsAvailable
FN:107,buildVmResponse
FN:163,requireStoredConfig
FN:173,asyncRoute
FN:187,parseLines
FN:208,createApp
FNF:8
FNH:7
FNDA:1,createConflictError
FNDA:11,normalizeVmName
FNDA:6,assertVmNameIsAvailable
FNDA:2,buildVmResponse
FNDA:11,requireStoredConfig
FNDA:899,asyncRoute
FNDA:0,parseLines
FNDA:31,createApp
DA:1,1
DA:34,1
DA:35,1
DA:36,1
DA:37,1
DA:38,1
DA:39,1
DA:40,1
DA:41,1
DA:42,1
DA:43,1
DA:44,1
DA:45,1
DA:46,1
DA:47,1
DA:48,1
DA:49,1
DA:50,1
DA:51,1
DA:52,1
DA:53,1
DA:54,1
DA:55,1
DA:56,1
DA:57,1
DA:59,1
DA:60,1
DA:61,1
DA:62,1
DA:63,1
DA:64,1
DA:65,1
DA:66,1
DA:67,1
DA:68,1
DA:69,1
DA:71,1
DA:72,1
DA:73,1
DA:74,1
DA:75,1
DA:76,1
DA:77,1
DA:78,11
DA:79,11
DA:81,1
DA:82,1
DA:83,1
DA:84,1
DA:85,1
DA:86,1
DA:87,1
DA:88,1
DA:89,1
DA:90,1
DA:91,6
DA:92,6
DA:94,6
DA:95,1
DA:96,1
DA:97,6
DA:99,1
DA:100,1
DA:101,1
DA:102,1
DA:103,1
DA:104,1
DA:105,1
DA:106,1
DA:107,2
DA:108,2
DA:109,2
DA:111,2
DA:112,0
DA:113,0
DA:114,0
DA:115,0
DA:116,0
DA:117,0
DA:118,0
DA:119,0
DA:120,0
DA:121,0
DA:122,0
DA:123,0
DA:124,0
DA:125,0
DA:126,0
DA:127,0
DA:128,0
DA:129,0
DA:130,0
DA:131,0
DA:132,0
DA:133,0
DA:135,2
DA:136,2
DA:137,2
DA:138,2
DA:139,2
DA:140,2
DA:141,2
DA:142,2
DA:143,2
DA:144,2
DA:145,2
DA:146,2
DA:147,2
DA:148,2
DA:149,2
DA:150,2
DA:151,2
DA:152,2
DA:153,2
DA:155,1
DA:156,1
DA:157,1
DA:158,1
DA:159,1
DA:160,1
DA:161,1
DA:162,1
DA:163,1
DA:164,11
DA:165,11
DA:167,1
DA:168,1
DA:169,1
DA:170,1
DA:171,1
DA:172,1
DA:173,1
DA:174,899
DA:175,30
DA:176,899
DA:177,899
DA:179,1
DA:180,1
DA:181,1
DA:182,1
DA:183,1
DA:184,1
DA:185,1
DA:186,1
DA:187,1
DA:188,0
DA:189,0
DA:190,0
DA:192,0
DA:193,0
DA:194,0
DA:195,0
DA:196,0
DA:197,0
DA:199,0
DA:200,0
DA:202,1
DA:203,1
DA:204,1
DA:205,1
DA:206,1
DA:207,1
DA:208,1
DA:209,31
DA:211,31
DA:213,31
DA:214,31
DA:215,31
DA:216,31
DA:217,31
DA:218,31
DA:219,12
DA:220,12
DA:221,12
DA:222,12
DA:223,0
DA:224,0
DA:225,12
DA:227,31
DA:228,0
DA:229,31
DA:231,31
DA:232,0
DA:233,0
DA:234,0
DA:235,0
DA:236,0
DA:237,0
DA:238,0
DA:239,31
DA:241,31
DA:242,31
DA:243,31
DA:244,0
DA:245,31
DA:246,31
DA:248,31
DA:249,31
DA:250,31
DA:251,1
DA:252,31
DA:253,31
DA:255,31
DA:256,31
DA:257,31
DA:258,1
DA:259,1
DA:260,1
DA:261,1
DA:262,1
DA:263,1
DA:264,1
DA:265,1
DA:266,1
DA:267,1
DA:268,0
DA:269,0
DA:270,0
DA:271,1
DA:272,1
DA:273,1
DA:274,31
DA:275,31
DA:277,31
DA:278,31
DA:279,31
DA:280,0
DA:281,0
DA:282,0
DA:283,0
DA:284,0
DA:285,0
DA:286,0
DA:287,0
DA:288,0
DA:289,0
DA:290,0
DA:291,0
DA:292,0
DA:293,0
DA:294,0
DA:295,0
DA:296,0
DA:297,0
DA:298,0
DA:299,0
DA:300,0
DA:301,0
DA:302,0
DA:303,0
DA:304,0
DA:305,0
DA:306,0
DA:307,0
DA:308,0
DA:309,0
DA:310,0
DA:311,0
DA:312,0
DA:313,0
DA:314,0
DA:315,0
DA:316,0
DA:317,31
DA:318,31
DA:320,31
DA:321,31
DA:322,31
DA:323,0
DA:324,0
DA:325,0
DA:326,0
DA:327,0
DA:328,0
DA:330,0
DA:331,0
DA:332,0
DA:333,0
DA:334,0
DA:335,0
DA:336,0
DA:337,0
DA:338,0
DA:339,0
DA:340,0
DA:341,31
DA:342,31
DA:344,31
DA:345,31
DA:346,31
DA:347,0
DA:348,0
DA:349,0
DA:350,0
DA:351,31
DA:352,31
DA:354,31
DA:355,31
DA:356,31
DA:357,31
DA:358,1
DA:359,1
DA:360,1
DA:361,1
DA:362,1
DA:363,0
DA:364,0
DA:365,0
DA:366,0
DA:367,31
DA:368,31
DA:370,31
DA:371,31
DA:372,31
DA:373,0
DA:374,0
DA:375,0
DA:377,0
DA:378,31
DA:379,31
DA:381,31
DA:382,31
DA:383,31
DA:384,0
DA:385,0
DA:386,0
DA:387,0
DA:388,0
DA:390,0
DA:391,0
DA:392,0
DA:393,0
DA:394,0
DA:395,0
DA:397,0
DA:398,0
DA:399,0
DA:400,31
DA:401,31
DA:403,31
DA:404,31
DA:405,31
DA:406,0
DA:407,0
DA:408,0
DA:409,31
DA:410,31
DA:412,31
DA:413,31
DA:414,31
DA:415,31
DA:416,1
DA:417,1
DA:418,0
DA:420,0
DA:421,31
DA:422,31
DA:424,31
DA:425,31
DA:426,31
DA:427,3
DA:428,3
DA:429,3
DA:430,3
DA:431,3
DA:432,2
DA:433,2
DA:434,2
DA:435,2
DA:436,1
DA:437,1
DA:438,1
DA:439,1
DA:440,1
DA:441,3
DA:442,3
DA:443,3
DA:444,3
DA:445,3
DA:446,3
DA:447,3
DA:448,3
DA:449,3
DA:450,3
DA:451,3
DA:452,1
DA:453,1
DA:454,1
DA:455,1
DA:456,1
DA:457,1
DA:458,1
DA:459,1
DA:460,31
DA:461,31
DA:463,31
DA:464,31
DA:465,31
DA:466,2
DA:467,2
DA:468,0
DA:469,0
DA:471,2
DA:472,1
DA:473,1
DA:474,1
DA:475,1
DA:476,1
DA:477,1
DA:478,1
DA:479,1
DA:480,1
DA:481,1
DA:482,1
DA:483,1
DA:484,1
DA:485,1
DA:486,31
DA:487,31
DA:489,31
DA:490,31
DA:491,31
DA:492,1
DA:493,1
DA:494,1
DA:495,2
DA:496,2
DA:497,2
DA:498,2
DA:499,1
DA:500,1
DA:502,1
DA:503,1
DA:504,1
DA:505,31
DA:506,31
DA:508,31
DA:509,31
DA:510,31
DA:511,1
DA:512,1
DA:513,0
DA:514,1
DA:515,1
DA:517,1
DA:518,31
DA:519,31
DA:521,31
DA:522,31
DA:523,31
DA:524,0
DA:525,0
DA:526,31
DA:527,31
DA:529,31
DA:530,31
DA:531,31
DA:532,31
DA:533,2
DA:534,2
DA:535,2
DA:536,2
DA:537,2
DA:538,0
DA:539,0
DA:540,0
DA:541,0
DA:542,0
DA:543,0
DA:544,0
DA:545,0
DA:546,0
DA:547,0
DA:548,0
DA:549,0
DA:550,0
DA:551,0
DA:552,0
DA:553,0
DA:554,0
DA:555,0
DA:556,0
DA:557,0
DA:558,0
DA:559,0
DA:560,0
DA:561,0
DA:562,0
DA:563,0
DA:564,0
DA:565,2
DA:566,2
DA:567,31
DA:568,31
DA:570,31
DA:571,31
DA:572,31
DA:573,2
DA:574,2
DA:575,2
DA:576,1
DA:577,1
DA:578,1
DA:579,1
DA:580,1
DA:581,1
DA:582,1
DA:583,1
DA:584,1
DA:585,1
DA:586,1
DA:587,1
DA:588,31
DA:589,31
DA:591,31
DA:592,31
DA:593,31
DA:594,1
DA:596,1
DA:597,1
DA:598,1
DA:599,1
DA:600,1
DA:602,0
DA:603,0
DA:604,0
DA:605,0
DA:606,0
DA:607,0
DA:608,31
DA:609,31
DA:611,31
DA:612,31
DA:613,31
DA:614,1
DA:616,1
DA:617,1
DA:618,1
DA:619,1
DA:620,1
DA:622,0
DA:623,0
DA:624,0
DA:625,0
DA:626,0
DA:627,0
DA:628,31
DA:629,31
DA:631,31
DA:632,31
DA:633,31
DA:634,2
DA:635,2
DA:636,2
DA:637,2
DA:638,2
DA:639,2
DA:640,1
DA:641,1
DA:642,1
DA:643,1
DA:644,1
DA:645,1
DA:646,1
DA:647,1
DA:648,1
DA:649,2
DA:650,2
DA:651,2
DA:652,2
DA:653,2
DA:654,2
DA:655,2
DA:656,2
DA:657,2
DA:658,2
DA:659,2
DA:660,1
DA:662,1
DA:663,1
DA:664,1
DA:665,1
DA:666,1
DA:667,1
DA:668,1
DA:669,31
DA:670,31
DA:672,31
DA:673,31
DA:674,31
DA:675,2
DA:676,2
DA:677,2
DA:678,2
DA:679,2
DA:680,2
DA:681,2
DA:683,2
DA:684,2
DA:685,2
DA:686,2
DA:687,2
DA:688,2
DA:689,2
DA:690,1
DA:691,1
DA:692,1
DA:693,1
DA:694,1
DA:695,1
DA:696,1
DA:697,1
DA:698,1
DA:699,2
DA:700,2
DA:701,2
DA:702,2
DA:703,2
DA:704,2
DA:705,2
DA:706,2
DA:707,2
DA:708,2
DA:709,2
DA:710,1
DA:711,1
DA:712,1
DA:713,1
DA:714,1
DA:715,1
DA:716,1
DA:717,1
DA:718,1
DA:719,1
DA:720,31
DA:721,31
DA:723,31
DA:724,31
DA:725,31
DA:726,1
DA:728,1
DA:729,1
DA:730,1
DA:731,1
DA:732,1
DA:734,0
DA:735,0
DA:736,0
DA:737,0
DA:738,0
DA:739,0
DA:740,31
DA:741,31
DA:743,31
DA:744,31
DA:745,31
DA:746,0
DA:748,0
DA:749,0
DA:750,0
DA:751,0
DA:752,0
DA:754,0
DA:755,0
DA:756,0
DA:757,0
DA:758,0
DA:759,0
DA:760,0
DA:761,0
DA:762,0
DA:763,0
DA:764,31
DA:765,31
DA:767,31
DA:768,31
DA:769,31
DA:770,0
DA:772,0
DA:773,0
DA:774,0
DA:775,0
DA:776,0
DA:778,0
DA:779,0
DA:780,0
DA:781,0
DA:782,0
DA:783,0
DA:784,0
DA:785,0
DA:786,0
DA:787,0
DA:788,31
DA:789,31
DA:791,31
DA:792,31
DA:793,31
DA:794,4
DA:795,1
DA:796,1
DA:797,1
DA:798,1
DA:799,3
DA:800,3
DA:801,4
DA:802,1
DA:803,1
DA:804,1
DA:805,1
DA:806,2
DA:807,2
DA:808,2
DA:809,4
DA:810,1
DA:811,1
DA:812,1
DA:813,1
DA:814,1
DA:815,1
DA:816,31
DA:817,31
DA:819,31
DA:820,31
DA:821,31
DA:822,3
DA:823,0
DA:824,0
DA:825,0
DA:826,0
DA:827,3
DA:828,3
DA:829,3
DA:830,0
DA:831,0
DA:832,0
DA:833,0
DA:834,3
DA:835,3
DA:836,3
DA:837,3
DA:838,3
DA:839,3
DA:840,1
DA:841,1
DA:842,1
DA:843,1
DA:844,2
DA:845,2
DA:846,2
DA:847,2
DA:848,31
DA:849,31
DA:851,31
DA:852,31
DA:853,31
DA:854,31
DA:855,1
DA:856,1
DA:857,1
DA:858,1
DA:859,1
DA:860,0
DA:861,0
DA:862,0
DA:863,0
DA:864,0
DA:865,0
DA:866,0
DA:867,0
DA:868,0
DA:869,0
DA:870,0
DA:871,0
DA:872,0
DA:873,0
DA:874,0
DA:875,0
DA:876,0
DA:877,0
DA:878,0
DA:879,31
DA:880,31
DA:882,31
DA:883,31
DA:884,31
DA:885,0
DA:886,0
DA:887,0
DA:888,0
DA:889,0
DA:890,0
DA:891,0
DA:892,0
DA:893,0
DA:894,31
DA:895,31
DA:897,31
DA:898,1
DA:899,1
DA:900,1
DA:901,31
DA:903,31
DA:904,19
DA:905,0
DA:906,0
DA:907,0
DA:908,0
DA:909,0
DA:910,0
DA:912,19
DA:913,0
DA:914,0
DA:915,0
DA:916,0
DA:917,0
DA:919,19
DA:920,19
DA:921,19
DA:922,19
DA:923,31
DA:925,31
DA:926,31
DA:928,1
LF:824
LH:563
BRDA:65,0,0,1
BRDA:77,1,0,11
BRDA:78,2,0,0
BRDA:90,3,0,6
BRDA:94,4,0,1
BRDA:94,5,0,1
BRDA:107,6,0,2
BRDA:108,7,0,0
BRDA:109,8,0,0
BRDA:111,9,0,0
BRDA:139,10,0,0
BRDA:140,11,0,0
BRDA:145,12,0,0
BRDA:146,13,0,0
BRDA:147,14,0,0
BRDA:163,15,0,11
BRDA:173,16,0,899
BRDA:174,17,0,30
BRDA:208,18,0,31
BRDA:218,19,0,12
BRDA:222,20,0,0
BRDA:250,21,0,1
BRDA:257,22,0,1
BRDA:267,23,0,0
BRDA:357,24,0,1
BRDA:362,25,0,0
BRDA:415,26,0,1
BRDA:417,27,0,0
BRDA:426,28,0,3
BRDA:431,29,0,2
BRDA:435,30,0,1
BRDA:441,31,0,0
BRDA:442,32,0,0
BRDA:445,33,0,0
BRDA:445,34,0,1
BRDA:446,35,0,0
BRDA:446,36,0,1
BRDA:451,37,0,1
BRDA:465,38,0,2
BRDA:467,39,0,0
BRDA:471,40,0,1
BRDA:491,41,0,1
BRDA:494,42,0,2
BRDA:497,43,0,0
BRDA:503,44,0,1
BRDA:510,45,0,1
BRDA:512,46,0,0
BRDA:514,47,0,0
BRDA:532,48,0,2
BRDA:537,49,0,0
BRDA:572,50,0,2
BRDA:575,51,0,1
BRDA:593,52,0,1
BRDA:600,53,0,0
BRDA:613,54,0,1
BRDA:620,55,0,0
BRDA:633,56,0,2
BRDA:639,57,0,1
BRDA:649,58,0,0
BRDA:650,59,0,0
BRDA:653,60,0,0
BRDA:653,61,0,1
BRDA:654,62,0,0
BRDA:654,63,0,1
BRDA:659,64,0,1
BRDA:674,65,0,2
BRDA:677,66,0,0
BRDA:679,67,0,0
BRDA:689,68,0,1
BRDA:699,69,0,0
BRDA:700,70,0,0
BRDA:709,71,0,1
BRDA:725,72,0,1
BRDA:732,73,0,0
BRDA:793,74,0,4
BRDA:794,75,0,1
BRDA:798,76,0,3
BRDA:801,77,0,1
BRDA:805,78,0,2
BRDA:809,79,0,1
BRDA:821,80,0,3
BRDA:822,81,0,0
BRDA:829,82,0,0
BRDA:836,83,0,2
BRDA:837,84,0,1
BRDA:839,85,0,1
BRDA:843,86,0,2
BRDA:854,87,0,1
BRDA:859,88,0,0
BRDA:897,89,0,1
BRDA:903,90,0,19
BRDA:904,91,0,0
BRDA:912,92,0,0
BRDA:912,93,0,0
BRDA:919,94,0,0
BRDA:920,95,0,0
BRF:96
BRH:55
end_of_record
TN:
SF:src/artifact-paths.js
FNF:0
FNH:0
DA:1,1
DA:2,1
DA:3,1
DA:4,1
DA:5,1
DA:6,1
DA:7,1
DA:8,1
DA:9,1
DA:10,1
DA:11,1
DA:12,1
DA:13,1
DA:18,1
DA:19,1
DA:21,1
LF:16
LH:16
BRF:0
BRH:0
end_of_record
TN:
SF:src/db.js
FN:18,dbRequest
FN:45,enqueueJob
FN:62,getJob
FN:67,listJobs
FN:82,appendJobEvent
FN:91,listJobEvents
FN:96,claimNextJobForHost
FN:112,markJobRunning
FN:121,markJobSucceeded
FN:130,markJobFailed
FN:139,cancelQueuedJob
FN:147,acquireResourceLocks
FN:156,releaseResourceLocks
FN:165,cleanupExpiredLocks
FN:182,initializeDatabase
FN:224,getRepository
FN:233,isDatabaseAvailable
FN:237,listStoredUsers
FN:242,upsertStoredUser
FN:250,listStoredNetworkGroups
FN:255,upsertStoredNetworkGroup
FN:270,deleteStoredNetworkGroup
FN:277,listStoredVmDefinitions
FN:282,loadStoredVmDefinitionByName
FN:287,upsertStoredVmDefinition
FN:295,upsertStoredVmDefinitionAndEnqueueJob
FN:303,deleteStoredVmDefinition
FN:310,listStoredVmRuntimeStates
FN:315,loadStoredVmRuntimeState
FN:327,upsertStoredVmRuntimeState
FN:335,deleteStoredVmRuntimeState
FN:355,getVmLogSnapshot
FN:371,listVmLogSnapshots
FN:380,closeDatabase
FNF:34
FNH:28
FNDA:35,dbRequest
FNDA:2,enqueueJob
FNDA:1,getJob
FNDA:2,listJobs
FNDA:2,appendJobEvent
FNDA:2,listJobEvents
FNDA:3,claimNextJobForHost
FNDA:1,markJobRunning
FNDA:2,markJobSucceeded
FNDA:2,markJobFailed
FNDA:1,cancelQueuedJob
FNDA:2,acquireResourceLocks
FNDA:2,releaseResourceLocks
FNDA:1,cleanupExpiredLocks
FNDA:42,initializeDatabase
FNDA:26,getRepository
FNDA:5,isDatabaseAvailable
FNDA:1,listStoredUsers
FNDA:1,upsertStoredUser
FNDA:1,listStoredNetworkGroups
FNDA:1,upsertStoredNetworkGroup
FNDA:0,deleteStoredNetworkGroup
FNDA:1,listStoredVmDefinitions
FNDA:1,loadStoredVmDefinitionByName
FNDA:0,upsertStoredVmDefinition
FNDA:0,upsertStoredVmDefinitionAndEnqueueJob
FNDA:0,deleteStoredVmDefinition
FNDA:1,listStoredVmRuntimeStates
FNDA:2,loadStoredVmRuntimeState
FNDA:1,upsertStoredVmRuntimeState
FNDA:2,deleteStoredVmRuntimeState
FNDA:0,getVmLogSnapshot
FNDA:0,listVmLogSnapshots
FNDA:44,closeDatabase
DA:1,1
DA:2,1
DA:3,1
DA:4,1
DA:5,1
DA:6,1
DA:8,1
DA:9,1
DA:11,1
DA:12,1
DA:13,1
DA:14,1
DA:15,1
DA:16,1
DA:17,1
DA:18,35
DA:19,35
DA:20,35
DA:21,35
DA:22,35
DA:23,35
DA:24,35
DA:25,35
DA:26,35
DA:27,35
DA:28,35
DA:29,35
DA:30,35
DA:31,35
DA:32,35
DA:33,5
DA:34,5
DA:35,5
DA:36,5
DA:37,30
DA:38,30
DA:39,30
DA:41,1
DA:42,1
DA:43,1
DA:44,1
DA:45,1
DA:46,2
DA:47,2
DA:48,2
DA:49,2
DA:50,2
DA:51,2
DA:52,2
DA:53,2
DA:54,2
DA:55,2
DA:56,2
DA:57,2
DA:58,1
DA:59,1
DA:60,2
DA:61,1
DA:62,1
DA:63,1
DA:64,1
DA:65,1
DA:66,1
DA:67,1
DA:68,2
DA:69,2
DA:70,2
DA:71,2
DA:72,2
DA:73,2
DA:74,2
DA:75,2
DA:76,2
DA:77,2
DA:78,2
DA:79,2
DA:80,2
DA:81,1
DA:82,1
DA:83,2
DA:84,2
DA:85,2
DA:86,2
DA:87,2
DA:88,2
DA:89,2
DA:90,1
DA:91,1
DA:92,2
DA:93,2
DA:94,2
DA:95,1
DA:96,1
DA:97,3
DA:98,3
DA:99,3
DA:100,3
DA:101,3
DA:102,1
DA:103,1
DA:104,3
DA:105,2
DA:106,1
DA:107,1
DA:108,1
DA:109,1
DA:110,3
DA:111,1
DA:112,1
DA:113,1
DA:114,1
DA:115,1
DA:116,1
DA:117,1
DA:118,1
DA:119,1
DA:120,1
DA:121,1
DA:122,2
DA:123,2
DA:124,2
DA:125,2
DA:126,2
DA:127,2
DA:128,2
DA:129,1
DA:130,1
DA:131,2
DA:132,2
DA:133,2
DA:134,2
DA:135,2
DA:136,2
DA:137,2
DA:138,1
DA:139,1
DA:140,1
DA:141,1
DA:142,1
DA:143,1
DA:144,1
DA:145,1
DA:146,1
DA:147,1
DA:148,2
DA:149,2
DA:150,2
DA:151,2
DA:152,2
DA:153,2
DA:154,2
DA:155,1
DA:156,1
DA:157,2
DA:158,2
DA:159,2
DA:160,2
DA:161,2
DA:162,2
DA:163,2
DA:164,1
DA:165,1
DA:166,1
DA:167,1
DA:168,1
DA:169,1
DA:170,1
DA:171,1
DA:172,1
DA:174,1
DA:176,1
DA:177,1
DA:178,1
DA:179,1
DA:180,1
DA:181,1
DA:182,1
DA:183,42
DA:184,42
DA:185,42
DA:186,0
DA:187,0
DA:188,0
DA:189,42
DA:190,42
DA:191,1
DA:192,1
DA:193,1
DA:194,41
DA:195,41
DA:196,41
DA:197,41
DA:198,41
DA:199,42
DA:200,1
DA:201,1
DA:202,40
DA:203,40
DA:204,40
DA:205,42
DA:206,1
DA:207,1
DA:208,39
DA:209,39
DA:210,39
DA:211,39
DA:212,39
DA:213,42
DA:214,2
DA:215,2
DA:216,2
DA:217,42
DA:219,1
DA:220,1
DA:221,1
DA:222,1
DA:223,1
DA:224,1
DA:225,26
DA:226,26
DA:228,1
DA:229,1
DA:230,1
DA:231,1
DA:232,1
DA:233,1
DA:234,5
DA:235,5
DA:237,1
DA:238,1
DA:239,1
DA:240,1
DA:242,1
DA:243,1
DA:244,1
DA:245,1
DA:246,1
DA:247,1
DA:248,1
DA:250,1
DA:251,1
DA:252,1
DA:253,1
DA:255,1
DA:256,1
DA:257,1
DA:258,1
DA:259,1
DA:260,1
DA:261,1
DA:263,1
DA:264,1
DA:265,1
DA:266,1
DA:267,1
DA:268,1
DA:269,1
DA:270,1
DA:271,0
DA:272,0
DA:273,0
DA:274,0
DA:275,0
DA:277,1
DA:278,1
DA:279,1
DA:280,1
DA:282,1
DA:283,1
DA:284,1
DA:285,1
DA:287,1
DA:288,0
DA:289,0
DA:290,0
DA:291,0
DA:292,0
DA:293,0
DA:295,1
DA:296,0
DA:297,0
DA:298,0
DA:299,0
DA:300,0
DA:301,0
DA:303,1
DA:304,0
DA:305,0
DA:306,0
DA:307,0
DA:308,0
DA:310,1
DA:311,1
DA:312,1
DA:313,1
DA:315,1
DA:316,2
DA:317,2
DA:318,1
DA:319,1
DA:320,1
DA:321,1
DA:322,1
DA:323,0
DA:324,0
DA:325,2
DA:327,1
DA:328,1
DA:329,1
DA:330,1
DA:331,1
DA:332,1
DA:333,1
DA:335,1
DA:336,2
DA:337,2
DA:338,2
DA:339,2
DA:340,1
DA:341,1
DA:342,1
DA:343,1
DA:344,1
DA:345,0
DA:346,0
DA:347,2
DA:349,1
DA:350,1
DA:351,1
DA:352,1
DA:353,1
DA:354,1
DA:355,1
DA:356,0
DA:357,0
DA:358,0
DA:359,0
DA:360,0
DA:361,0
DA:362,0
DA:363,0
DA:364,0
DA:366,1
DA:367,1
DA:368,1
DA:369,1
DA:370,1
DA:371,1
DA:372,0
DA:373,0
DA:375,1
DA:376,1
DA:377,1
DA:378,1
DA:379,1
DA:380,1
DA:381,44
DA:382,44
LF:358
LH:318
BRDA:18,0,0,35
BRDA:32,1,0,5
BRDA:33,2,0,0
BRDA:36,3,0,30
BRDA:45,4,0,2
BRDA:57,5,0,1
BRDA:62,6,0,1
BRDA:67,7,0,2
BRDA:71,8,0,1
BRDA:72,9,0,1
BRDA:73,10,0,1
BRDA:76,11,0,1
BRDA:76,12,0,1
BRDA:82,13,0,2
BRDA:91,14,0,2
BRDA:96,15,0,3
BRDA:101,16,0,1
BRDA:104,17,0,2
BRDA:105,18,0,1
BRDA:112,19,0,1
BRDA:121,20,0,2
BRDA:130,21,0,2
BRDA:139,22,0,1
BRDA:147,23,0,2
BRDA:156,24,0,2
BRDA:165,25,0,1
BRDA:182,26,0,42
BRDA:183,27,0,41
BRDA:185,28,0,0
BRDA:190,29,0,1
BRDA:193,30,0,41
BRDA:199,31,0,1
BRDA:201,32,0,40
BRDA:205,33,0,1
BRDA:207,34,0,39
BRDA:213,35,0,2
BRDA:224,36,0,26
BRDA:233,37,0,5
BRDA:237,38,0,1
BRDA:242,39,0,1
BRDA:250,40,0,1
BRDA:255,41,0,1
BRDA:277,42,0,1
BRDA:282,43,0,1
BRDA:310,44,0,1
BRDA:315,45,0,2
BRDA:317,46,0,1
BRDA:322,47,0,0
BRDA:327,48,0,1
BRDA:335,49,0,2
BRDA:339,50,0,1
BRDA:344,51,0,0
BRDA:380,52,0,44
BRF:53
BRH:49
end_of_record
TN:
SF:src/job-service.js
FN:17,createJobServiceError
FN:33,createJobService
FN:39,requireHostId
FN:53,notifyWorker
FN:67,enqueueVmProvisionJob
FN:87,enqueueVmDestroyJob
FN:109,enqueueVmCloneJob
FN:130,enqueueVmReconcileJob
FN:144,enqueueVmStartJob
FN:158,enqueueVmStopJob
FN:172,enqueueVmSnapshotCreateJob
FN:186,enqueueVmSnapshotRestoreJob
FN:200,enqueueVmSnapshotDeleteJob
FN:220,getJobById
FN:231,getJobEvents
FNF:15
FNH:15
FNDA:1,createJobServiceError
FNDA:17,createJobService
FNDA:17,requireHostId
FNDA:16,notifyWorker
FNDA:6,enqueueVmProvisionJob
FNDA:2,enqueueVmDestroyJob
FNDA:2,enqueueVmCloneJob
FNDA:2,enqueueVmReconcileJob
FNDA:1,enqueueVmStartJob
FNDA:1,enqueueVmStopJob
FNDA:1,enqueueVmSnapshotCreateJob
FNDA:1,enqueueVmSnapshotRestoreJob
FNDA:1,enqueueVmSnapshotDeleteJob
FNDA:1,getJobById
FNDA:2,getJobEvents
DA:1,1
DA:2,1
DA:3,1
DA:4,1
DA:5,1
DA:6,1
DA:10,1
DA:11,1
DA:12,1
DA:13,1
DA:14,1
DA:15,1
DA:16,1
DA:17,1
DA:18,1
DA:19,1
DA:20,1
DA:21,1
DA:23,1
DA:24,1
DA:25,1
DA:26,1
DA:27,1
DA:28,1
DA:29,1
DA:30,1
DA:31,1
DA:32,1
DA:33,1
DA:34,17
DA:35,17
DA:36,17
DA:37,17
DA:38,17
DA:39,17
DA:40,17
DA:41,1
DA:42,1
DA:43,1
DA:44,1
DA:45,1
DA:46,17
DA:48,17
DA:49,17
DA:50,17
DA:51,17
DA:52,17
DA:53,17
DA:54,16
DA:55,6
DA:56,6
DA:57,16
DA:58,17
DA:59,17
DA:60,17
DA:61,17
DA:62,17
DA:63,17
DA:64,17
DA:65,17
DA:66,17
DA:67,17
DA:68,6
DA:69,6
DA:70,6
DA:71,6
DA:72,6
DA:73,6
DA:74,6
DA:75,6
DA:76,5
DA:77,5
DA:78,5
DA:79,17
DA:80,17
DA:81,17
DA:82,17
DA:83,17
DA:84,17
DA:85,17
DA:86,17
DA:87,17
DA:88,2
DA:89,2
DA:90,2
DA:91,2
DA:92,2
DA:93,2
DA:94,2
DA:95,2
DA:96,2
DA:97,2
DA:98,2
DA:99,17
DA:100,17
DA:101,17
DA:102,17
DA:103,17
DA:104,17
DA:105,17
DA:106,17
DA:107,17
DA:108,17
DA:109,17
DA:110,2
DA:111,2
DA:112,2
DA:113,2
DA:114,2
DA:115,2
DA:116,2
DA:117,2
DA:118,2
DA:119,2
DA:120,2
DA:121,17
DA:122,17
DA:123,17
DA:124,17
DA:125,17
DA:126,17
DA:127,17
DA:128,17
DA:129,17
DA:130,17
DA:131,2
DA:132,2
DA:133,2
DA:134,2
DA:135,2
DA:136,2
DA:137,2
DA:138,2
DA:139,2
DA:140,2
DA:141,2
DA:142,17
DA:144,17
DA:145,1
DA:147,1
DA:148,1
DA:149,1
DA:150,1
DA:151,1
DA:152,1
DA:154,1
DA:155,1
DA:156,17
DA:158,17
DA:159,1
DA:161,1
DA:162,1
DA:163,1
DA:164,1
DA:165,1
DA:166,1
DA:168,1
DA:169,1
DA:170,17
DA:172,17
DA:173,1
DA:175,1
DA:176,1
DA:177,1
DA:178,1
DA:179,1
DA:180,1
DA:182,1
DA:183,1
DA:184,17
DA:186,17
DA:187,1
DA:189,1
DA:190,1
DA:191,1
DA:192,1
DA:193,1
DA:194,1
DA:196,1
DA:197,1
DA:198,17
DA:200,17
DA:201,1
DA:203,1
DA:204,1
DA:205,1
DA:206,1
DA:207,1
DA:208,1
DA:210,1
DA:211,1
DA:212,17
DA:213,17
DA:214,17
DA:215,17
DA:216,17
DA:217,17
DA:218,17
DA:219,17
DA:220,17
DA:221,1
DA:222,17
DA:223,17
DA:224,17
DA:225,17
DA:226,17
DA:227,17
DA:228,17
DA:229,17
DA:230,17
DA:231,17
DA:232,2
DA:233,17
DA:234,17
DA:235,17
LF:215
LH:215
BRDA:17,0,0,1
BRDA:33,1,0,17
BRDA:39,2,0,17
BRDA:40,3,0,1
BRDA:53,4,0,16
BRDA:54,5,0,6
BRDA:67,6,0,6
BRDA:75,7,0,5
BRDA:87,8,0,2
BRDA:109,9,0,2
BRDA:130,10,0,2
BRDA:144,11,0,1
BRDA:158,12,0,1
BRDA:172,13,0,1
BRDA:186,14,0,1
BRDA:200,15,0,1
BRDA:220,16,0,1
BRDA:231,17,0,2
BRF:18
BRH:18
end_of_record
TN:
SF:src/network-model.js
FN:28,ipv4ToInt
FN:41,intToIpv4
FN:53,parseCidr
FN:84,cidrsOverlap
FN:97,cidrContainsIp
FN:109,validateCidrFormat
FN:153,validateCidrSize
FN:172,validateCidrWithinGlobalPool
FN:195,validateCidrOverlap
FN:213,validateNetworkGroupCidr
FN:226,buildDhcpRange
FN:247,allocateSubnetFromPool
FN:279,buildBridgeName
FN:310,validateNetworkGroupName
FN:378,buildLibvirtNetworkName
FN:395,loadVmStateRecord
FN:404,listUsers
FN:414,ensureDefaultUser
FN:435,listNetworkGroups
FN:440,networkGroupSignature
FN:447,normalizeProfile
FN:455,buildNetworkGroupRecord
FN:480,saveNetworkGroups
FN:490,createNetworkGroup
FN:546,ensureDefaultNetworkGroup
FN:567,deleteNetworkGroup
FN:576,normalizeLegacyProfile
FN:587,findOrCreateImportedNetworkGroup
FN:619,isMacAddress
FN:630,generateMacAddress
FN:658,allocateVmIpFromGroup
FN:687,normalizePortForwards
FN:720,buildManagedNetworkConfig
FN:750,initializeNetworkModel
FN:828,prepareVmConfigForSave
FNF:35
FNH:28
FNDA:217,ipv4ToInt
FNDA:480,intToIpv4
FNDA:214,parseCidr
FNDA:55,cidrsOverlap
FNDA:2,cidrContainsIp
FNDA:22,validateCidrFormat
FNDA:19,validateCidrSize
FNDA:18,validateCidrWithinGlobalPool
FNDA:13,validateCidrOverlap
FNDA:14,validateNetworkGroupCidr
FNDA:13,buildDhcpRange
FNDA:10,allocateSubnetFromPool
FNDA:11,buildBridgeName
FNDA:23,validateNetworkGroupName
FNDA:15,buildLibvirtNetworkName
FNDA:1,loadVmStateRecord
FNDA:34,listUsers
FNDA:15,ensureDefaultUser
FNDA:22,listNetworkGroups
FNDA:0,networkGroupSignature
FNDA:32,normalizeProfile
FNDA:11,buildNetworkGroupRecord
FNDA:11,saveNetworkGroups
FNDA:21,createNetworkGroup
FNDA:0,ensureDefaultNetworkGroup
FNDA:0,deleteNetworkGroup
FNDA:0,normalizeLegacyProfile
FNDA:0,findOrCreateImportedNetworkGroup
FNDA:1,isMacAddress
FNDA:1,generateMacAddress
FNDA:1,allocateVmIpFromGroup
FNDA:0,normalizePortForwards
FNDA:1,buildManagedNetworkConfig
FNDA:0,initializeNetworkModel
FNDA:1,prepareVmConfigForSave
DA:1,1
DA:13,1
DA:14,1
DA:15,1
DA:16,1
DA:17,1
DA:18,1
DA:19,1
DA:20,1
DA:22,1
DA:23,1
DA:24,1
DA:25,1
DA:26,1
DA:27,1
DA:28,1
DA:29,217
DA:30,217
DA:31,217
DA:32,217
DA:33,217
DA:35,1
DA:36,1
DA:37,1
DA:38,1
DA:39,1
DA:40,1
DA:41,1
DA:42,480
DA:43,480
DA:44,480
DA:45,480
DA:47,1
DA:48,1
DA:49,1
DA:50,1
DA:51,1
DA:52,1
DA:53,1
DA:54,214
DA:55,214
DA:56,214
DA:57,4
DA:58,4
DA:60,210
DA:61,214
DA:62,214
DA:63,214
DA:64,214
DA:66,214
DA:67,214
DA:68,214
DA:69,214
DA:70,214
DA:71,214
DA:72,214
DA:73,214
DA:74,214
DA:75,214
DA:77,1
DA:78,1
DA:79,1
DA:80,1
DA:81,1
DA:82,1
DA:83,1
DA:84,1
DA:85,55
DA:86,55
DA:87,55
DA:88,55
DA:90,1
DA:91,1
DA:92,1
DA:93,1
DA:94,1
DA:95,1
DA:96,1
DA:97,1
DA:98,2
DA:99,2
DA:100,2
DA:101,2
DA:103,1
DA:104,1
DA:105,1
DA:106,1
DA:107,1
DA:108,1
DA:109,1
DA:110,22
DA:111,0
DA:112,0
DA:114,22
DA:115,22
DA:116,4
DA:117,4
DA:119,18
DA:120,18
DA:121,18
DA:122,22
DA:123,0
DA:124,0
DA:126,22
DA:127,69
DA:128,69
DA:129,1
DA:130,1
DA:131,69
DA:133,17
DA:134,22
DA:135,1
DA:136,1
DA:138,16
DA:139,16
DA:140,22
DA:141,1
DA:142,1
DA:143,1
DA:144,1
DA:145,22
DA:147,1
DA:148,1
DA:149,1
DA:150,1
DA:151,1
DA:152,1
DA:153,1
DA:154,19
DA:155,19
DA:156,19
DA:157,19
DA:158,5
DA:159,5
DA:160,5
DA:161,5
DA:162,5
DA:163,19
DA:165,1
DA:166,1
DA:167,1
DA:168,1
DA:169,1
DA:170,1
DA:171,1
DA:172,1
DA:173,18
DA:174,18
DA:175,18
DA:176,18
DA:177,18
DA:178,18
DA:179,18
DA:180,18
DA:181,6
DA:182,6
DA:183,6
DA:184,6
DA:185,6
DA:186,18
DA:188,1
DA:189,1
DA:190,1
DA:191,1
DA:192,1
DA:193,1
DA:194,1
DA:195,1
DA:196,13
DA:197,8
DA:198,5
DA:199,5
DA:200,5
DA:201,5
DA:202,8
DA:203,8
DA:205,1
DA:206,1
DA:207,1
DA:208,1
DA:209,1
DA:210,1
DA:211,1
DA:212,1
DA:213,1
DA:214,14
DA:215,14
DA:216,14
DA:217,14
DA:218,14
DA:220,1
DA:221,1
DA:222,1
DA:223,1
DA:224,1
DA:225,1
DA:226,1
DA:227,13
DA:228,13
DA:229,1
DA:230,1
DA:232,12
DA:233,12
DA:234,12
DA:235,12
DA:236,12
DA:237,12
DA:239,1
DA:240,1
DA:241,1
DA:242,1
DA:243,1
DA:244,1
DA:245,1
DA:246,1
DA:247,1
DA:248,10
DA:249,10
DA:250,10
DA:251,10
DA:252,10
DA:253,10
DA:254,2
DA:255,2
DA:257,8
DA:258,8
DA:259,8
DA:260,8
DA:261,8
DA:262,10
DA:263,20
DA:264,20
DA:265,20
DA:266,8
DA:267,8
DA:268,20
DA:270,12
DA:271,12
DA:273,1
DA:274,1
DA:275,1
DA:276,1
DA:277,1
DA:278,1
DA:279,1
DA:280,11
DA:281,11
DA:282,11
DA:284,1
DA:285,1
DA:286,1
DA:287,1
DA:288,1
DA:290,1
DA:291,1
DA:292,1
DA:293,1
DA:294,1
DA:296,1
DA:297,1
DA:298,1
DA:299,1
DA:300,1
DA:301,1
DA:302,1
DA:303,1
DA:304,1
DA:305,1
DA:306,1
DA:307,1
DA:308,1
DA:309,1
DA:310,1
DA:311,23
DA:312,23
DA:313,23
DA:314,1
DA:315,1
DA:317,23
DA:318,2
DA:319,2
DA:320,2
DA:321,2
DA:322,2
DA:324,20
DA:325,23
DA:326,2
DA:327,2
DA:328,2
DA:329,2
DA:330,2
DA:332,18
DA:333,18
DA:334,18
DA:335,18
DA:336,18
DA:337,23
DA:338,23
DA:339,23
DA:340,23
DA:341,23
DA:342,23
DA:343,23
DA:344,23
DA:346,23
DA:347,0
DA:348,0
DA:349,0
DA:350,0
DA:351,0
DA:353,18
DA:354,18
DA:355,18
DA:356,18
DA:357,18
DA:358,18
DA:360,1
DA:361,1
DA:362,1
DA:363,1
DA:364,1
DA:365,1
DA:366,1
DA:367,1
DA:368,1
DA:369,1
DA:370,1
DA:371,1
DA:372,1
DA:373,1
DA:374,1
DA:375,1
DA:376,1
DA:377,1
DA:378,1
DA:379,15
DA:380,15
DA:381,15
DA:382,15
DA:383,15
DA:384,15
DA:385,15
DA:386,15
DA:388,1
DA:389,1
DA:390,1
DA:391,1
DA:392,1
DA:393,1
DA:394,1
DA:395,1
DA:396,1
DA:397,1
DA:399,1
DA:400,1
DA:401,1
DA:402,1
DA:403,1
DA:404,1
DA:405,34
DA:406,34
DA:407,34
DA:409,1
DA:410,1
DA:411,1
DA:412,1
DA:413,1
DA:414,1
DA:415,15
DA:416,15
DA:417,15
DA:418,2
DA:419,2
DA:421,13
DA:422,13
DA:423,13
DA:424,13
DA:425,13
DA:426,13
DA:427,13
DA:428,13
DA:430,1
DA:431,1
DA:432,1
DA:433,1
DA:434,1
DA:435,1
DA:436,22
DA:437,22
DA:438,22
DA:440,0
DA:441,0
DA:442,0
DA:443,0
DA:444,0
DA:445,0
DA:447,32
DA:448,32
DA:449,32
DA:450,0
DA:451,0
DA:452,32
DA:453,32
DA:455,11
DA:456,11
DA:457,11
DA:458,11
DA:459,11
DA:460,11
DA:461,11
DA:462,11
DA:463,11
DA:465,11
DA:466,11
DA:467,11
DA:468,11
DA:469,11
DA:470,11
DA:471,11
DA:472,11
DA:473,11
DA:474,11
DA:475,11
DA:476,11
DA:477,11
DA:478,11
DA:480,11
DA:481,11
DA:482,11
DA:484,1
DA:485,1
DA:486,1
DA:487,1
DA:488,1
DA:489,1
DA:490,1
DA:491,21
DA:492,21
DA:493,21
DA:494,21
DA:495,2
DA:496,2
DA:498,19
DA:499,19
DA:500,19
DA:501,21
DA:502,2
DA:503,2
DA:505,17
DA:506,21
DA:507,1
DA:508,1
DA:509,21
DA:510,1
DA:511,1
DA:513,15
DA:514,21
DA:515,21
DA:516,21
DA:517,21
DA:518,21
DA:519,9
DA:520,9
DA:521,11
DA:522,11
DA:523,21
DA:524,6
DA:525,10
DA:526,0
DA:527,0
DA:528,10
DA:529,6
DA:531,11
DA:532,11
DA:533,11
DA:534,11
DA:535,11
DA:536,11
DA:537,11
DA:538,11
DA:539,11
DA:540,11
DA:541,11
DA:542,11
DA:543,11
DA:544,11
DA:546,0
DA:547,0
DA:548,0
DA:549,0
DA:550,0
DA:551,0
DA:553,0
DA:554,0
DA:555,0
DA:556,0
DA:557,0
DA:558,0
DA:560,1
DA:561,1
DA:562,1
DA:563,1
DA:564,1
DA:565,1
DA:566,1
DA:567,1
DA:568,0
DA:569,0
DA:570,0
DA:572,0
DA:573,0
DA:574,0
DA:576,0
DA:577,0
DA:578,0
DA:579,0
DA:580,0
DA:581,0
DA:582,0
DA:583,0
DA:584,0
DA:585,0
DA:587,0
DA:588,0
DA:589,0
DA:590,0
DA:591,0
DA:592,0
DA:593,0
DA:594,0
DA:595,0
DA:596,0
DA:597,0
DA:598,0
DA:600,0
DA:601,0
DA:602,0
DA:604,0
DA:605,0
DA:606,0
DA:607,0
DA:608,0
DA:609,0
DA:610,0
DA:611,0
DA:612,0
DA:613,0
DA:614,0
DA:615,0
DA:616,0
DA:617,0
DA:619,1
DA:620,1
DA:621,1
DA:623,1
DA:624,1
DA:625,1
DA:626,1
DA:627,1
DA:628,1
DA:629,1
DA:630,1
DA:631,1
DA:632,1
DA:633,0
DA:634,0
DA:635,0
DA:637,1
DA:638,1
DA:639,1
DA:640,1
DA:641,1
DA:642,1
DA:643,1
DA:644,1
DA:645,1
DA:647,0
DA:648,0
DA:650,1
DA:651,1
DA:652,1
DA:653,1
DA:654,1
DA:655,1
DA:656,1
DA:657,1
DA:658,1
DA:659,1
DA:660,0
DA:661,0
DA:663,1
DA:664,1
DA:665,1
DA:666,1
DA:667,1
DA:668,1
DA:669,1
DA:670,0
DA:671,0
DA:672,0
DA:674,1
DA:675,1
DA:676,1
DA:677,1
DA:678,1
DA:679,1
DA:680,1
DA:681,1
DA:682,1
DA:684,0
DA:685,0
DA:687,0
DA:688,0
DA:689,0
DA:690,0
DA:691,0
DA:692,0
DA:693,0
DA:694,0
DA:695,0
DA:696,0
DA:697,0
DA:698,0
DA:699,0
DA:700,0
DA:701,0
DA:702,0
DA:703,0
DA:704,0
DA:705,0
DA:706,0
DA:707,0
DA:709,1
DA:710,1
DA:711,1
DA:712,1
DA:713,1
DA:714,1
DA:715,1
DA:716,1
DA:717,1
DA:718,1
DA:719,1
DA:720,1
DA:721,1
DA:722,1
DA:723,1
DA:724,1
DA:725,1
DA:726,1
DA:727,1
DA:728,1
DA:729,1
DA:730,1
DA:731,1
DA:732,1
DA:733,1
DA:734,1
DA:735,1
DA:736,1
DA:737,1
DA:738,1
DA:739,1
DA:741,1
DA:742,1
DA:743,1
DA:744,1
DA:745,1
DA:746,1
DA:747,1
DA:748,1
DA:749,1
DA:750,1
DA:751,0
DA:752,0
DA:753,0
DA:755,0
DA:756,0
DA:757,0
DA:758,0
DA:760,0
DA:761,0
DA:763,0
DA:764,0
DA:765,0
DA:766,0
DA:767,0
DA:768,0
DA:769,0
DA:770,0
DA:771,0
DA:772,0
DA:773,0
DA:774,0
DA:775,0
DA:776,0
DA:778,0
DA:779,0
DA:780,0
DA:781,0
DA:783,0
DA:784,0
DA:785,0
DA:786,0
DA:787,0
DA:788,0
DA:789,0
DA:790,0
DA:791,0
DA:792,0
DA:793,0
DA:794,0
DA:795,0
DA:796,0
DA:797,0
DA:798,0
DA:799,0
DA:800,0
DA:801,0
DA:803,0
DA:804,0
DA:805,0
DA:807,0
DA:808,0
DA:809,0
DA:810,0
DA:811,0
DA:812,0
DA:813,0
DA:814,0
DA:816,0
DA:817,0
DA:818,0
DA:819,0
DA:821,1
DA:822,1
DA:823,1
DA:824,1
DA:825,1
DA:826,1
DA:827,1
DA:828,1
DA:829,1
DA:830,1
DA:831,1
DA:832,1
DA:833,0
DA:834,0
DA:835,0
DA:837,1
DA:838,1
DA:839,1
DA:840,1
DA:841,1
DA:842,1
DA:843,1
DA:844,0
DA:845,0
DA:847,1
DA:848,1
DA:849,1
DA:850,0
DA:851,0
DA:853,1
DA:854,1
DA:855,0
DA:856,0
DA:857,1
DA:858,0
DA:859,0
DA:860,1
DA:861,0
DA:862,0
DA:864,1
DA:865,1
DA:866,1
DA:867,1
DA:868,1
DA:869,0
DA:870,0
DA:871,0
DA:872,0
DA:874,0
DA:875,0
DA:876,0
DA:877,0
DA:878,0
DA:879,0
DA:880,0
DA:882,1
DA:883,1
DA:884,1
DA:885,1
DA:886,1
DA:887,1
DA:888,1
DA:889,1
DA:890,1
DA:892,1
DA:893,1
DA:894,1
DA:895,1
DA:896,1
DA:897,1
DA:898,1
DA:899,1
DA:900,1
DA:901,1
DA:902,1
DA:903,1
DA:904,1
DA:905,1
DA:906,1
DA:907,1
DA:909,1
DA:910,0
DA:911,0
DA:913,1
DA:914,1
DA:915,1
LF:820
LH:624
BRDA:28,0,0,217
BRDA:31,1,0,868
BRDA:32,2,0,868
BRDA:41,3,0,480
BRDA:43,4,0,1920
BRDA:53,5,0,214
BRDA:54,6,0,1
BRDA:56,7,0,213
BRDA:56,8,0,212
BRDA:56,9,0,211
BRDA:56,10,0,4
BRDA:58,11,0,210
BRDA:61,12,0,1
BRDA:62,13,0,209
BRDA:72,14,0,5
BRDA:72,15,0,205
BRDA:73,16,0,5
BRDA:73,17,0,205
BRDA:84,18,0,55
BRDA:87,19,0,52
BRDA:97,20,0,2
BRDA:109,21,0,22
BRDA:110,22,0,0
BRDA:115,23,0,4
BRDA:117,24,0,18
BRDA:122,25,0,0
BRDA:124,26,0,18
BRDA:126,27,0,69
BRDA:128,28,0,1
BRDA:131,29,0,17
BRDA:134,30,0,17
BRDA:134,31,0,1
BRDA:136,32,0,16
BRDA:140,33,0,1
BRDA:153,34,0,19
BRDA:157,35,0,5
BRDA:172,36,0,18
BRDA:177,37,0,13
BRDA:180,38,0,6
BRDA:195,39,0,13
BRDA:196,40,0,8
BRDA:197,41,0,5
BRDA:213,42,0,14
BRDA:226,43,0,13
BRDA:228,44,0,1
BRDA:230,45,0,12
BRDA:247,46,0,10
BRDA:253,47,0,9
BRDA:253,48,0,2
BRDA:255,49,0,8
BRDA:262,50,0,20
BRDA:265,51,0,8
BRDA:268,52,0,12
BRDA:264,53,0,35
BRDA:279,54,0,11
BRDA:310,55,0,23
BRDA:311,56,0,1
BRDA:313,57,0,1
BRDA:315,58,0,22
BRDA:317,59,0,2
BRDA:322,60,0,20
BRDA:325,61,0,2
BRDA:330,62,0,18
BRDA:337,63,0,0
BRDA:346,64,0,0
BRDA:351,65,0,18
BRDA:378,66,0,15
BRDA:379,67,0,0
BRDA:383,68,0,0
BRDA:395,69,0,1
BRDA:404,70,0,34
BRDA:414,71,0,15
BRDA:417,72,0,2
BRDA:419,73,0,13
BRDA:416,74,0,2
BRDA:435,75,0,22
BRDA:447,76,0,32
BRDA:448,77,0,0
BRDA:449,78,0,0
BRDA:455,79,0,11
BRDA:458,80,0,0
BRDA:458,81,0,0
BRDA:460,82,0,0
BRDA:461,83,0,0
BRDA:461,84,0,0
BRDA:462,85,0,0
BRDA:480,86,0,11
BRDA:481,87,0,21
BRDA:490,88,0,21
BRDA:491,89,0,1
BRDA:492,90,0,1
BRDA:493,91,0,0
BRDA:494,92,0,20
BRDA:494,93,0,2
BRDA:496,94,0,19
BRDA:501,95,0,2
BRDA:503,96,0,17
BRDA:506,97,0,1
BRDA:508,98,0,16
BRDA:509,99,0,1
BRDA:511,100,0,15
BRDA:514,101,0,0
BRDA:515,102,0,15
BRDA:515,103,0,6
BRDA:518,104,0,15
BRDA:518,105,0,9
BRDA:520,106,0,11
BRDA:523,107,0,6
BRDA:524,108,0,10
BRDA:525,109,0,0
BRDA:529,110,0,11
BRDA:506,111,0,16
BRDA:509,112,0,12
BRDA:619,113,0,1
BRDA:630,114,0,1
BRDA:632,115,0,0
BRDA:632,116,0,0
BRDA:645,117,0,0
BRDA:639,118,0,6
BRDA:658,119,0,1
BRDA:659,120,0,0
BRDA:666,121,0,0
BRDA:667,122,0,0
BRDA:668,123,0,0
BRDA:669,124,0,0
BRDA:682,125,0,0
BRDA:720,126,0,1
BRDA:723,127,0,0
BRDA:828,128,0,1
BRDA:832,129,0,0
BRDA:837,130,0,0
BRDA:838,131,0,0
BRDA:839,132,0,0
BRDA:840,133,0,0
BRDA:840,134,0,0
BRDA:841,135,0,0
BRDA:841,136,0,0
BRDA:843,137,0,0
BRDA:849,138,0,0
BRDA:854,139,0,0
BRDA:857,140,0,0
BRDA:860,141,0,0
BRDA:860,142,0,0
BRDA:865,143,0,0
BRDA:868,144,0,0
BRDA:884,145,0,0
BRDA:889,146,0,0
BRDA:901,147,0,0
BRDA:909,148,0,0
BRDA:909,149,0,0
BRDA:848,150,0,1
BRDA:853,151,0,1
BRF:152
BRH:104
end_of_record
TN:
SF:src/server.js
FN:12,main
FNF:1
FNH:1
FNDA:2,main
DA:1,1
DA:5,1
DA:7,1
DA:8,1
DA:9,1
DA:10,1
DA:11,1
DA:12,2
DA:13,2
DA:14,2
DA:15,2
DA:16,1
DA:17,1
DA:18,1
DA:19,1
DA:21,2
DA:22,2
DA:23,2
DA:24,1
DA:25,1
DA:26,1
DA:27,1
DA:29,2
DA:30,2
DA:32,2
DA:33,2
DA:34,2
DA:35,2
DA:39,1
DA:40,1
DA:41,0
DA:42,0
DA:43,0
DA:44,0
DA:45,0
LF:35
LH:30
BRDA:5,0,0,1
BRDA:40,1,0,0
BRDA:12,2,0,2
BRDA:15,3,0,1
BRDA:23,4,0,1
BRDA:32,5,0,2
BRF:6
BRH:5
end_of_record
TN:
SF:src/socket-client.js
FN:19,sendSocketMessage
FN:72,wakeWorker
FN:101,getWorkerHealth
FNF:3
FNH:3
FNDA:11,sendSocketMessage
FNDA:5,wakeWorker
FNDA:3,getWorkerHealth
DA:1,1
DA:2,1
DA:3,1
DA:4,1
DA:5,1
DA:6,1
DA:10,1
DA:11,1
DA:12,1
DA:13,1
DA:14,1
DA:15,1
DA:16,1
DA:17,1
DA:18,1
DA:19,1
DA:20,11
DA:21,11
DA:22,11
DA:23,11
DA:25,11
DA:26,11
DA:27,1
DA:28,1
DA:29,1
DA:30,1
DA:31,1
DA:32,11
DA:34,11
DA:35,7
DA:36,11
DA:38,11
DA:39,6
DA:40,11
DA:42,11
DA:43,6
DA:44,6
DA:45,6
DA:46,6
DA:47,6
DA:48,11
DA:50,11
DA:51,4
DA:52,4
DA:53,4
DA:54,4
DA:55,4
DA:56,11
DA:57,11
DA:58,11
DA:60,1
DA:61,1
DA:62,1
DA:63,1
DA:64,1
DA:65,1
DA:66,1
DA:67,1
DA:68,1
DA:69,1
DA:70,1
DA:71,1
DA:72,1
DA:73,5
DA:74,1
DA:75,1
DA:76,1
DA:78,4
DA:79,4
DA:80,5
DA:81,1
DA:82,1
DA:83,1
DA:84,1
DA:85,1
DA:86,1
DA:87,5
DA:88,2
DA:89,2
DA:90,2
DA:91,5
DA:93,1
DA:94,1
DA:95,1
DA:96,1
DA:97,1
DA:98,1
DA:99,1
DA:100,1
DA:101,1
DA:102,3
DA:103,2
DA:104,2
LF:93
LH:93
BRDA:19,0,0,11
BRDA:20,1,0,11
BRDA:26,2,0,1
BRDA:34,3,0,7
BRDA:38,4,0,6
BRDA:42,5,0,6
BRDA:50,6,0,4
BRDA:72,7,0,5
BRDA:73,8,0,1
BRDA:76,9,0,4
BRDA:79,10,0,2
BRDA:80,11,0,1
BRDA:87,12,0,2
BRDA:101,13,0,3
BRDA:102,14,0,2
BRF:15
BRH:15
end_of_record
TN:
SF:src/validation.js
FN:5,isIpAddress
FN:9,isIpv4Address
FN:13,isIpv4Prefix
FN:18,isIpv4Cidr
FN:182,parseCreateVmRequest
FN:186,parseNetworkGroupRequest
FN:190,parseVmPolicyRequest
FN:194,formatValidationError
FN:205,isValidationError
FNF:9
FNH:7
FNDA:0,isIpAddress
FNDA:2,isIpv4Address
FNDA:0,isIpv4Prefix
FNDA:2,isIpv4Cidr
FNDA:9,parseCreateVmRequest
FNDA:5,parseNetworkGroupRequest
FNDA:3,parseVmPolicyRequest
FNDA:1,formatValidationError
FNDA:21,isValidationError
DA:1,1
DA:5,0
DA:6,0
DA:7,0
DA:9,2
DA:10,2
DA:11,2
DA:13,0
DA:14,0
DA:15,0
DA:16,0
DA:18,2
DA:19,2
DA:20,2
DA:21,2
DA:22,2
DA:24,1
DA:26,1
DA:27,1
DA:28,1
DA:29,1
DA:30,1
DA:32,1
DA:33,1
DA:34,1
DA:35,1
DA:36,1
DA:37,1
DA:38,1
DA:39,1
DA:40,1
DA:41,1
DA:42,1
DA:43,1
DA:44,1
DA:45,1
DA:46,1
DA:47,1
DA:48,1
DA:49,1
DA:50,1
DA:51,1
DA:52,1
DA:54,1
DA:55,1
DA:56,1
DA:57,1
DA:58,1
DA:59,1
DA:60,1
DA:61,1
DA:62,1
DA:63,1
DA:64,1
DA:65,1
DA:66,1
DA:67,1
DA:68,1
DA:69,1
DA:70,1
DA:71,1
DA:72,1
DA:73,1
DA:74,1
DA:75,1
DA:76,8
DA:78,8
DA:79,1
DA:80,1
DA:81,5
DA:82,5
DA:83,5
DA:84,5
DA:85,5
DA:86,5
DA:87,5
DA:88,5
DA:89,1
DA:91,8
DA:92,0
DA:93,0
DA:94,0
DA:95,0
DA:96,0
DA:97,0
DA:98,1
DA:100,1
DA:101,1
DA:102,1
DA:103,1
DA:104,1
DA:105,1
DA:106,1
DA:107,1
DA:108,1
DA:109,1
DA:110,1
DA:111,1
DA:112,1
DA:113,1
DA:114,1
DA:115,1
DA:116,1
DA:117,1
DA:118,1
DA:119,1
DA:120,1
DA:121,1
DA:122,1
DA:123,1
DA:124,1
DA:125,1
DA:126,1
DA:127,1
DA:128,1
DA:129,1
DA:130,1
DA:131,1
DA:132,1
DA:133,1
DA:134,1
DA:135,1
DA:136,1
DA:137,1
DA:138,1
DA:139,1
DA:140,1
DA:141,1
DA:142,1
DA:143,1
DA:144,1
DA:145,1
DA:146,1
DA:147,1
DA:148,1
DA:149,1
DA:150,1
DA:151,1
DA:152,1
DA:154,1
DA:155,1
DA:156,1
DA:157,1
DA:158,1
DA:159,1
DA:160,1
DA:162,1
DA:163,1
DA:164,1
DA:165,1
DA:166,1
DA:167,1
DA:168,1
DA:169,1
DA:170,1
DA:172,1
DA:173,1
DA:174,1
DA:175,1
DA:176,1
DA:177,1
DA:178,1
DA:179,1
DA:180,1
DA:182,1
DA:183,9
DA:184,9
DA:186,1
DA:187,5
DA:188,5
DA:190,1
DA:191,3
DA:192,3
DA:194,1
DA:195,1
DA:196,0
DA:197,0
DA:199,1
DA:200,2
DA:201,2
DA:202,1
DA:203,1
DA:205,1
DA:206,21
DA:207,21
LF:185
LH:170
BRDA:9,0,0,2
BRDA:18,1,0,2
BRDA:21,2,0,1
BRDA:21,3,0,1
BRDA:21,4,0,1
BRDA:75,5,0,8
BRDA:76,6,0,0
BRDA:78,7,0,1
BRDA:78,8,0,1
BRDA:80,9,0,5
BRDA:91,10,0,0
BRDA:91,11,0,0
BRDA:180,12,0,3
BRDA:182,13,0,9
BRDA:186,14,0,5
BRDA:190,15,0,3
BRDA:194,16,0,1
BRDA:195,17,0,0
BRDA:199,18,0,2
BRDA:205,19,0,21
BRF:20
BRH:16
end_of_record
TN:
SF:src/vm-definitions.js
FN:25,createValidationError
FN:38,createConflictError
FN:50,createNotFoundError
FN:63,saveVmDefinition
FN:81,loadVmDefinition
FN:99,listVmDefinitions
FN:109,deleteVmDefinition
FN:123,vmDefinitionExists
FN:141,cloneDefinition
FN:154,saveVmConfig
FN:221,loadStoredConfig
FN:244,listStoredConfigNames
FN:260,deleteSavedConfigArtifacts
FN:278,storedConfigExists
FN:291,configPathForVm
FN:303,prepareVmConfigForSave
FNF:16
FNH:15
FNDA:8,createValidationError
FNDA:2,createConflictError
FNDA:13,createNotFoundError
FNDA:4,saveVmDefinition
FNDA:17,loadVmDefinition
FNDA:1,listVmDefinitions
FNDA:2,deleteVmDefinition
FNDA:14,vmDefinitionExists
FNDA:10,cloneDefinition
FNDA:10,saveVmConfig
FNDA:3,loadStoredConfig
FNDA:2,listStoredConfigNames
FNDA:5,deleteSavedConfigArtifacts
FNDA:2,storedConfigExists
FNDA:3,configPathForVm
FNDA:0,prepareVmConfigForSave
DA:1,1
DA:2,1
DA:3,1
DA:4,1
DA:5,1
DA:6,1
DA:7,1
DA:18,1
DA:19,1
DA:20,1
DA:21,1
DA:22,1
DA:23,1
DA:24,1
DA:25,1
DA:26,8
DA:27,8
DA:28,8
DA:29,8
DA:30,8
DA:32,1
DA:33,1
DA:34,1
DA:35,1
DA:36,1
DA:37,1
DA:38,1
DA:39,2
DA:40,2
DA:41,2
DA:42,2
DA:44,1
DA:45,1
DA:46,1
DA:47,1
DA:48,1
DA:49,1
DA:50,1
DA:51,13
DA:52,13
DA:53,13
DA:54,13
DA:56,1
DA:57,1
DA:58,1
DA:59,1
DA:60,1
DA:61,1
DA:62,1
DA:63,1
DA:64,4
DA:65,1
DA:66,1
DA:67,4
DA:68,2
DA:69,2
DA:71,1
DA:72,1
DA:74,1
DA:75,1
DA:76,1
DA:77,1
DA:78,1
DA:79,1
DA:80,1
DA:81,1
DA:82,17
DA:83,1
DA:84,1
DA:86,16
DA:87,17
DA:88,11
DA:89,11
DA:91,4
DA:92,4
DA:94,1
DA:95,1
DA:96,1
DA:97,1
DA:98,1
DA:99,1
DA:100,1
DA:101,1
DA:103,1
DA:104,1
DA:105,1
DA:106,1
DA:107,1
DA:108,1
DA:109,1
DA:110,2
DA:111,1
DA:112,1
DA:114,1
DA:115,1
DA:117,1
DA:118,1
DA:119,1
DA:120,1
DA:121,1
DA:122,1
DA:123,1
DA:124,14
DA:125,14
DA:126,3
DA:127,14
DA:128,11
DA:129,10
DA:130,10
DA:131,1
DA:132,1
DA:133,14
DA:135,1
DA:136,1
DA:137,1
DA:138,1
DA:139,1
DA:140,1
DA:141,10
DA:142,10
DA:143,10
DA:145,1
DA:146,1
DA:147,1
DA:148,1
DA:149,1
DA:150,1
DA:151,1
DA:152,1
DA:153,1
DA:154,1
DA:155,10
DA:156,10
DA:157,10
DA:159,10
DA:160,1
DA:161,1
DA:163,9
DA:164,10
DA:165,1
DA:166,1
DA:167,1
DA:168,1
DA:169,8
DA:171,10
DA:172,1
DA:173,1
DA:174,1
DA:175,1
DA:176,10
DA:177,1
DA:178,1
DA:179,1
DA:180,1
DA:181,1
DA:183,10
DA:184,1
DA:185,1
DA:187,7
DA:189,7
DA:190,10
DA:191,6
DA:192,6
DA:193,6
DA:194,6
DA:195,6
DA:196,6
DA:197,6
DA:198,6
DA:199,6
DA:200,6
DA:201,6
DA:202,6
DA:204,7
DA:205,7
DA:206,7
DA:207,7
DA:208,7
DA:209,7
DA:210,7
DA:211,7
DA:212,7
DA:213,7
DA:215,1
DA:216,1
DA:217,1
DA:218,1
DA:219,1
DA:220,1
DA:221,1
DA:222,3
DA:223,3
DA:224,1
DA:225,1
DA:227,3
DA:228,3
DA:230,3
DA:231,3
DA:232,3
DA:233,3
DA:234,3
DA:235,3
DA:236,3
DA:237,3
DA:239,1
DA:240,1
DA:241,1
DA:242,1
DA:243,1
DA:244,1
DA:245,2
DA:246,2
DA:247,2
DA:248,2
DA:249,2
DA:251,1
DA:252,1
DA:253,1
DA:254,1
DA:255,1
DA:256,1
DA:257,1
DA:258,1
DA:259,1
DA:260,1
DA:261,5
DA:262,3
DA:263,2
DA:264,1
DA:265,1
DA:266,3
DA:267,2
DA:269,4
DA:270,4
DA:272,1
DA:273,1
DA:274,1
DA:275,1
DA:276,1
DA:277,1
DA:278,1
DA:279,2
DA:280,2
DA:282,1
DA:283,1
DA:284,1
DA:285,1
DA:286,1
DA:287,1
DA:288,1
DA:289,1
DA:290,1
DA:291,1
DA:292,3
DA:293,3
DA:295,1
DA:296,1
DA:297,1
DA:298,1
DA:299,1
DA:300,1
DA:301,1
DA:302,1
DA:303,1
DA:304,0
DA:305,0
LF:266
LH:264
BRDA:25,0,0,8
BRDA:38,1,0,2
BRDA:50,2,0,13
BRDA:63,3,0,4
BRDA:64,4,0,1
BRDA:66,5,0,3
BRDA:67,6,0,2
BRDA:67,7,0,2
BRDA:69,8,0,1
BRDA:81,9,0,17
BRDA:82,10,0,1
BRDA:84,11,0,16
BRDA:86,12,0,15
BRDA:87,13,0,11
BRDA:89,14,0,4
BRDA:99,15,0,1
BRDA:109,16,0,2
BRDA:110,17,0,1
BRDA:123,18,0,14
BRDA:125,19,0,3
BRDA:127,20,0,11
BRDA:128,21,0,10
BRDA:130,22,0,1
BRDA:141,23,0,10
BRDA:154,24,0,10
BRDA:159,25,0,9
BRDA:159,26,0,1
BRDA:161,27,0,9
BRDA:164,28,0,1
BRDA:168,29,0,8
BRDA:171,30,0,2
BRDA:171,31,0,1
BRDA:175,32,0,7
BRDA:176,33,0,1
BRDA:181,34,0,7
BRDA:183,35,0,1
BRDA:183,36,0,1
BRDA:185,37,0,7
BRDA:190,38,0,6
BRDA:194,39,0,5
BRDA:195,40,0,5
BRDA:196,41,0,0
BRDA:198,42,0,1
BRDA:198,43,0,5
BRDA:199,44,0,1
BRDA:199,45,0,5
BRDA:202,46,0,7
BRDA:221,47,0,3
BRDA:223,48,0,1
BRDA:225,49,0,2
BRDA:227,50,0,1
BRDA:222,51,0,1
BRDA:244,52,0,2
BRDA:245,53,0,1
BRDA:247,54,0,3
BRDA:248,55,0,4
BRDA:260,56,0,5
BRDA:261,57,0,4
BRDA:261,58,0,3
BRDA:266,59,0,2
BRDA:267,60,0,4
BRDA:262,61,0,2
BRDA:263,62,0,1
BRDA:278,63,0,2
BRDA:291,64,0,3
BRF:65
BRH:64
end_of_record
